ROJO:FF0000
VERDE:00FF00
AZUL:0000FF
BLANCO:FFFFFF
CIAN:00FFFF
MAGENTA:FF00FF
AMARILLO:FFFF00
GRIS:808080
ROSA:FF8080
CELESTE:80FFFF
NARANJA:FF8000
LAVANDA:8000FF
TURQUESA:00FF80
OROVIEJO:BBBB20
LightCoral:F08080
Salmon:FA8072
DarkSalmon:E9967A
LightSalmon:FFA07A
Pink:FFC0CB
LightPink:FFB6C1
HotPink:FF69B4
DeepPink:FF1493
PaleVioletRed:DB7093
LightSalmon:FFA07A
Coral:FF7F50
Tomato:FF6347
Orange:FFA500
Gold:FFD700
Yellow:FFFF00
LightYellow:FFFFE0
LemonChiffon:FFFACD
LightGoldenrodYellow:FAFAD2
PapayaWhip:FFEFD5
Moccasin:FFE4B5
PeachPuff:FFDAB9
PaleGoldenrod:EEE8AA
Khaki:F0E68C
DarkKhaki:BDB76B
Lavender:E6E6FA
Thistle:D8BFD8
Plum:DDA0DD
Violeta:EE82EE
GreenYellow:ADFF2F
Chartreuse:7FFF00
LawnGreen:7CFC00
VerdeLimon:32CD32
PaleGreen:98FB98
LightGreen:90EE90
MediumSpringGreen:00FA9A
SpringGreen:00FF7F 
SeaGreen:3CB371
YellowGreen:9ACD32
MediumAquamarine:66CDAA
DarkSeaGreen:8FBC8F
LightSeaGreen:20B2AA
Aqua:00FFFF
LightCyan:E0FFFF
PaleTurquoise:AFEEEE
Aquamarine:7FFFD4
Turquoise:40E0D0
MediumTurquoise:48D1CC
DarkTurquoise:00CED1
CadetBlue:5F9EA0
SteelBlue:4682B4
LightSteelBlue:B0C4DE
PowderBlue:B0E0E6
LightBlue:ADD8E6
SkyBlue:87CEEB
LightSkyBlue:87CEFA
DeepSkyBlue:00BFFF
DodgerBlue:1E90FF
CornflowerBlue:6495ED
MediumSlateBlue:7B68EE
RoyalBlue:4169E1
MediumBlue:0000CD
Cornsilk:FFF8DC
BlanchedAlmond:FFEBCD
Bisque:FFE4C4
NavajoWhite:FFDEAD
Wheat:F5DEB3
BurlyWood:DEB887
Tan:D2B48C
RosyBrown:BC8F8F
SandyBrown:F4A460
Goldenrod:DAA520
DarkGoldenrod:B8860B
Peru:CD853F
Chocolate:D2691E
SaddleBrown:8B4513
Sienna:A0522D
Snow:FFFAFA
Honeydew:F0FFF0
MintCream:F5FFFA
Azure:F0FFFF
AliceBlue:F0F8FF
GhostWhite:F8F8FF
WhiteSmoke:F5F5F5
Seashell:FFF5EE
Beige:F5F5DC
OldLace:FDF5E6
FloralWhite:FFFAF0
Ivory:FFFFF0
AntiqueWhite:FAEBD7
Linen:FAF0E6
LavenderBlush:FFF0F5
MistyRose:FFE4E1
Gainsboro:DCDCDC
LightGrey:D3D3D3
Silver:C0C0C0
DarkGray:A9A9A9
Gray:808080
DimGray:696969
LightSlateGray:778899
SlateGray:708090